config file path: /data/yanfansun/ktrans/ktransformers/ktransformers/configs/config.yaml
cpu_infer: 46
using custom modeling_xxx.py.
using default_optimize_rule for DeepseekV2ForCausalLM
load_size: [16, 16, 16, 16, 16, 16, 16, 16, 16, 16, 16, 16, 16, 16, 16, 16, 16, 16, 16, 16, 16, 16, 16, 16, 16, 16, 16]
optimize_and_load_gguf time: 187.92754411697388
using gpu
 2的1到10次方分别是：

- 2^1 = 2
- 2^2 = 4
- 2^3 = 8
- 2^4 = 16
- 2^5 = 32
- 2^6 = 64
- 2^7 = 128
- 2^8 = 256
- 2^9 = 512
- 2^10 = 1024
prompt eval count:    18 token(s)
prompt eval duration: 10.80842399597168s
prompt eval rate:     1.6653676804970488 tokens/s
eval count:           116 token(s)
eval duration:        113.65494227409363s
eval rate:            1.0206331346352802 tokens/s
hits: 0 misses: 0 get_time: 19040 load_time: 9966
